debug_node.mjs:18311 Angular is running in development mode.
index.esm2017.js:1498 App Check debug token: 897a321f-ffa2-4f51-9c89-478faf670a91. You will need to add it to your app's App Check settings in the Firebase console for it to work.
:4200/#/passport/login:1  Tracking Prevention blocked access to storage for https://www.google.com/.
:4200/#/passport/login:1  Tracking Prevention blocked access to storage for https://www.google.com/.
firebase-auth.service.ts:29  Calling Firebase APIs outside of an Injection context may destabilize your application leading to subtle change-detection and hydration bugs. Find more at https://github.com/angular/angularfire/blob/main/docs/zones.md
warnOutsideInjectionContext @ angular-fire.mjs:114
(匿名) @ angular-fire.mjs:160
(匿名) @ firebase-auth.service.ts:29
(匿名) @ chunk-Y5RQAIA6.js:37
ZoneAwarePromise @ zone.js:2701
__async @ chunk-Y5RQAIA6.js:21
signIn @ firebase-auth.service.ts:26
(匿名) @ firebase-auth.service.ts:52
(匿名) @ chunk-Y5RQAIA6.js:37
ZoneAwarePromise @ zone.js:2701
__async @ chunk-Y5RQAIA6.js:21
signInWithEmailAndPassword @ firebase-auth.service.ts:51
(匿名) @ login.component.ts:79
(匿名) @ chunk-Y5RQAIA6.js:37
ZoneAwarePromise @ zone.js:2701
__async @ chunk-Y5RQAIA6.js:21
submit @ login.component.ts:63
UserLoginComponent_Template_form_ngSubmit_0_listener @ login.component.html:1
executeListenerWithErrorHandling @ debug_node.mjs:14184
wrapListenerIn_markDirtyAndPreventDefault @ debug_node.mjs:14167
ConsumerObserver2.next @ Subscriber.js:96
Subscriber2._next @ Subscriber.js:63
Subscriber2.next @ Subscriber.js:34
(匿名) @ Subject.js:41
errorContext @ errorContext.js:19
Subject2.next @ Subject.js:31
emit @ debug_node.mjs:7458
onSubmit @ forms.mjs:5683
FormGroupDirective_submit_HostBindingHandler @ forms.mjs:5777
executeListenerWithErrorHandling @ debug_node.mjs:14184
wrapListenerIn_markDirtyAndPreventDefault @ debug_node.mjs:14167
(匿名) @ dom_renderer.mjs:746
invokeTask @ zone.js:431
(匿名) @ debug_node.mjs:7588
onInvokeTask @ debug_node.mjs:7588
invokeTask @ zone.js:430
onInvokeTask @ debug_node.mjs:7913
invokeTask @ zone.js:430
runTask @ zone.js:161
invokeTask @ zone.js:515
invokeTask @ zone.js:1141
globalCallback @ zone.js:1172
globalZoneAwareCallback @ zone.js:1205
